# JRE version: Java(TM) SE Runtime Environment (8.0_241-b07) (build 1.8.0_241-b07)
# Java VM: Java HotSpot(TM) 64-Bit Server VM (25.241-b07 mixed mode windows-amd64 compressed oops)
Heap:
 PSYoungGen      total 76288K, used 52169K [0x000000076b380000, 0x0000000770880000, 0x00000007c0000000)
  eden space 65536K, 79% used [0x000000076b380000,0x000000076e672708,0x000000076f380000)
  from space 10752K, 0% used [0x000000076f380000,0x000000076f380000,0x000000076fe00000)
  to   space 10752K, 0% used [0x000000076fe00000,0x000000076fe00000,0x0000000770880000)
 ParOldGen       total 122368K, used 8329K [0x00000006c1a00000, 0x00000006c9180000, 0x000000076b380000)
  object space 122368K, 6% used [0x00000006c1a00000,0x00000006c2222610,0x00000006c9180000)
 Metaspace       used 30054K, capacity 30376K, committed 30592K, reserved 1075200K
  class space    used 3804K, capacity 3922K, committed 3968K, reserved 1048576K
GC Heap History (4 events):
Event: 0.916 GC heap before
{Heap before GC invocations=1 (full 0):
 PSYoungGen      total 76288K, used 53176K [0x000000076b380000, 0x0000000770880000, 0x00000007c0000000)
  eden space 65536K, 81% used [0x000000076b380000,0x000000076e76e268,0x000000076f380000)
  from space 10752K, 0% used [0x000000076fe00000,0x000000076fe00000,0x0000000770880000)
  to   space 10752K, 0% used [0x000000076f380000,0x000000076f380000,0x000000076fe00000)
 ParOldGen       total 175104K, used 0K [0x00000006c1a00000, 0x00000006cc500000, 0x000000076b380000)
  object space 175104K, 0% used [0x00000006c1a00000,0x00000006c1a00000,0x00000006cc500000)
 Metaspace       used 20969K, capacity 21154K, committed 21248K, reserved 1067008K
  class space    used 2670K, capacity 2755K, committed 2816K, reserved 1048576K
Event: 0.923 GC heap after
Heap after GC invocations=1 (full 0):
 PSYoungGen      total 76288K, used 8625K [0x000000076b380000, 0x0000000770880000, 0x00000007c0000000)
  eden space 65536K, 0% used [0x000000076b380000,0x000000076b380000,0x000000076f380000)
  from space 10752K, 80% used [0x000000076f380000,0x000000076fbec558,0x000000076fe00000)
  to   space 10752K, 0% used [0x000000076fe00000,0x000000076fe00000,0x0000000770880000)
 ParOldGen       total 175104K, used 88K [0x00000006c1a00000, 0x00000006cc500000, 0x000000076b380000)
  object space 175104K, 0% used [0x00000006c1a00000,0x00000006c1a16010,0x00000006cc500000)
 Metaspace       used 20969K, capacity 21154K, committed 21248K, reserved 1067008K
  class space    used 2670K, capacity 2755K, committed 2816K, reserved 1048576K
}
Event: 0.923 GC heap before
{Heap before GC invocations=2 (full 1):
 PSYoungGen      total 76288K, used 8625K [0x000000076b380000, 0x0000000770880000, 0x00000007c0000000)
  eden space 65536K, 0% used [0x000000076b380000,0x000000076b380000,0x000000076f380000)
  from space 10752K, 80% used [0x000000076f380000,0x000000076fbec558,0x000000076fe00000)
  to   space 10752K, 0% used [0x000000076fe00000,0x000000076fe00000,0x0000000770880000)
 ParOldGen       total 175104K, used 88K [0x00000006c1a00000, 0x00000006cc500000, 0x000000076b380000)
  object space 175104K, 0% used [0x00000006c1a00000,0x00000006c1a16010,0x00000006cc500000)
 Metaspace       used 20969K, capacity 21154K, committed 21248K, reserved 1067008K
  class space    used 2670K, capacity 2755K, committed 2816K, reserved 1048576K
Event: 0.942 GC heap after
Heap after GC invocations=2 (full 1):
 PSYoungGen      total 76288K, used 0K [0x000000076b380000, 0x0000000770880000, 0x00000007c0000000)
  eden space 65536K, 0% used [0x000000076b380000,0x000000076b380000,0x000000076f380000)
  from space 10752K, 0% used [0x000000076f380000,0x000000076f380000,0x000000076fe00000)
  to   space 10752K, 0% used [0x000000076fe00000,0x000000076fe00000,0x0000000770880000)
 ParOldGen       total 122368K, used 8329K [0x00000006c1a00000, 0x00000006c9180000, 0x000000076b380000)
  object space 122368K, 6% used [0x00000006c1a00000,0x00000006c2222610,0x00000006c9180000)
 Metaspace       used 20969K, capacity 21154K, committed 21248K, reserved 1067008K
  class space    used 2670K, capacity 2755K, committed 2816K, reserved 1048576K
}

